c:\users\kiraz\documents\visual studio 2017\projects\curvesgenerator\debug\curvesgenerator.pch
c:\users\kiraz\documents\visual studio 2017\projects\curvesgenerator\debug\vc141.pdb
c:\users\kiraz\documents\visual studio 2017\projects\curvesgenerator\debug\vc141.idb
c:\users\kiraz\documents\visual studio 2017\projects\curvesgenerator\debug\stdafx.obj
c:\users\kiraz\documents\visual studio 2017\projects\curvesgenerator\debug\vector.obj
c:\users\kiraz\documents\visual studio 2017\projects\curvesgenerator\debug\circle.obj
c:\users\kiraz\documents\visual studio 2017\projects\curvesgenerator\debug\point.obj
c:\users\kiraz\documents\visual studio 2017\projects\curvesgenerator\debug\populator.obj
c:\users\kiraz\documents\visual studio 2017\projects\curvesgenerator\debug\ellipse.obj
c:\users\kiraz\documents\visual studio 2017\projects\curvesgenerator\debug\helix.obj
c:\users\kiraz\documents\visual studio 2017\projects\curvesgenerator\debug\shapescontainer.obj
c:\users\kiraz\documents\visual studio 2017\projects\curvesgenerator\debug\circlescontainer.obj
c:\users\kiraz\documents\visual studio 2017\projects\curvesgenerator\debug\shape.obj
c:\users\kiraz\documents\visual studio 2017\projects\curvesgenerator\debug\curvesgenerator.obj
c:\users\kiraz\documents\visual studio 2017\projects\curvesgenerator\debug\curvesgenerator.ilk
c:\users\kiraz\documents\visual studio 2017\projects\curvesgenerator\debug\curvesgenerator.exe
c:\users\kiraz\documents\visual studio 2017\projects\curvesgenerator\debug\curvesgenerator.pdb
c:\users\kiraz\documents\visual studio 2017\projects\curvesgenerator\debug\curvesgenerator.tlog\cl.command.1.tlog
c:\users\kiraz\documents\visual studio 2017\projects\curvesgenerator\debug\curvesgenerator.tlog\cl.read.1.tlog
c:\users\kiraz\documents\visual studio 2017\projects\curvesgenerator\debug\curvesgenerator.tlog\cl.write.1.tlog
c:\users\kiraz\documents\visual studio 2017\projects\curvesgenerator\debug\curvesgenerator.tlog\link.command.1.tlog
c:\users\kiraz\documents\visual studio 2017\projects\curvesgenerator\debug\curvesgenerator.tlog\link.read.1.tlog
c:\users\kiraz\documents\visual studio 2017\projects\curvesgenerator\debug\curvesgenerator.tlog\link.write.1.tlog
